<?xml version="1.0" encoding="UTF-8"?>
<!-- Generated by org.testng.reporters.JUnitXMLReporter -->
<testsuite hostname="RESIDENCE" ignored="0" name="Myntra Application Test" tests="2" failures="0" timestamp="26 Jun 2019 05:07:46 GMT" time="0.733" errors="0">
  <testcase name="feature" time="0.313" classname="TestRunner.Runner">
    <skipped/>
  </testcase> <!-- feature -->
  <testcase name="feature" time="0.009" classname="TestRunner.Runner">
    <skipped/>
  </testcase> <!-- feature -->
</testsuite> <!-- Myntra Application Test -->
