<?xml version="1.0" encoding="UTF-8"?>
<testng-results skipped="0" failed="0" ignored="0" total="2" passed="2">
  <reporter-output>
  </reporter-output>
  <suite name="Default suite" duration-ms="29672" started-at="2019-06-26T05:11:05Z" finished-at="2019-06-26T05:11:35Z">
    <groups>
      <group name="cucumber scenarios">
        <method signature="Runner.feature(cucumber.api.testng.PickleEventWrapper, cucumber.api.testng.CucumberFeatureWrapper)[pri:0, instance:TestRunner.Runner@598067a5]" name="feature" class="TestRunner.Runner"/>
      </group> <!-- cucumber scenarios -->
    </groups>
    <test name="Default test" duration-ms="29672" started-at="2019-06-26T05:11:05Z" finished-at="2019-06-26T05:11:35Z">
      <class name="TestRunner.Runner">
        <test-method status="PASS" signature="setUpClass()[pri:0, instance:TestRunner.Runner@598067a5]" name="setUpClass" is-config="true" duration-ms="184" started-at="2019-06-26T05:11:05Z" finished-at="2019-06-26T05:11:05Z">
          <reporter-output>
          </reporter-output>
        </test-method> <!-- setUpClass -->
        <test-method status="PASS" signature="feature(cucumber.api.testng.PickleEventWrapper, cucumber.api.testng.CucumberFeatureWrapper)[pri:0, instance:TestRunner.Runner@598067a5]" name="feature" duration-ms="17094" started-at="2019-06-26T05:11:05Z" description="Runs CucumberScenarios" data-provider="scenarios" finished-at="2019-06-26T05:11:22Z">
          <params>
            <param index="0">
              <value>
                <![CDATA["Login with Valid Credentials"]]>
              </value>
            </param>
            <param index="1">
              <value>
                <![CDATA["Login Myntra"]]>
              </value>
            </param>
          </params>
          <reporter-output>
          </reporter-output>
        </test-method> <!-- feature -->
        <test-method status="PASS" signature="feature(cucumber.api.testng.PickleEventWrapper, cucumber.api.testng.CucumberFeatureWrapper)[pri:0, instance:TestRunner.Runner@598067a5]" name="feature" duration-ms="12206" started-at="2019-06-26T05:11:22Z" description="Runs CucumberScenarios" data-provider="scenarios" finished-at="2019-06-26T05:11:35Z">
          <params>
            <param index="0">
              <value>
                <![CDATA["Login with Valid Credentials"]]>
              </value>
            </param>
            <param index="1">
              <value>
                <![CDATA["Login Myntra"]]>
              </value>
            </param>
          </params>
          <reporter-output>
          </reporter-output>
        </test-method> <!-- feature -->
        <test-method status="PASS" signature="tearDownClass()[pri:0, instance:TestRunner.Runner@598067a5]" name="tearDownClass" is-config="true" duration-ms="111" started-at="2019-06-26T05:11:35Z" finished-at="2019-06-26T05:11:35Z">
          <reporter-output>
          </reporter-output>
        </test-method> <!-- tearDownClass -->
      </class> <!-- TestRunner.Runner -->
    </test> <!-- Default test -->
  </suite> <!-- Default suite -->
</testng-results>
